<component name="libraryTable">
  <library name="junit-jupiter-api-5.0.0">
    <CLASSES>
      <root url="jar://$USER_HOME$/tmp/repository/org/junit/jupiter/junit-jupiter-api/5.0.0/junit-jupiter-api-5.0.0.jar!/" />
      <root url="jar://$USER_HOME$/tmp/repository/junit/junit/4.12/junit-4.12.jar!/" />
    </CLASSES>
    <JAVADOC />
    <SOURCES />
  </library>
</component>